[ 2017-03-01T13:44:37+08:00 ] ::1 /thinkphp/index.php/Home/Goods/public/js/blog.js
ERR: 非法操作:public

[ 2017-03-01T13:46:37+08:00 ] ::1 /thinkphp/index.php/Home/Goods/public/js/blog.js
ERR: 非法操作:public

[ 2017-03-01T13:46:37+08:00 ] ::1 /thinkphp/index.php/Home/Goods/public/js/blog.js
ERR: 非法操作:public

[ 2017-03-01T13:46:38+08:00 ] ::1 /thinkphp/index.php/Home/Goods/public/js/blog.js
ERR: 非法操作:public

[ 2017-03-01T14:27:52+08:00 ] ::1 /thinkphp/index.php/Home/Goods/public/js/blog.js
ERR: 非法操作:public

[ 2017-03-01T14:30:07+08:00 ] ::1 /thinkphp/index.php/Home/Goods/public/js/blog.js
ERR: 非法操作:public

[ 2017-03-01T14:30:09+08:00 ] ::1 /thinkphp/index.php/Home/Goods/public/js/blog.js
ERR: 非法操作:public

[ 2017-03-01T14:30:11+08:00 ] ::1 /thinkphp/index.php/Home/Goods/public/js/blog.js
ERR: 非法操作:public

[ 2017-03-01T14:30:34+08:00 ] ::1 /thinkphp/index.php/Home/Goods/public/js/blog.js
ERR: 非法操作:public

[ 2017-03-01T14:32:37+08:00 ] ::1 /thinkphp/index.php/Home/Goods/public/js/blog.js
ERR: 非法操作:public

[ 2017-03-01T14:32:38+08:00 ] ::1 /thinkphp/index.php/Home/Goods/public/js/blog.js
ERR: 非法操作:public

[ 2017-03-01T14:33:27+08:00 ] ::1 /thinkphp/index.php/Home/Goods/public/js/blog.js
ERR: 非法操作:public

[ 2017-03-01T14:37:29+08:00 ] ::1 /thinkphp/index.php/Home/Goods/public/js/blog.js
ERR: 非法操作:public

[ 2017-03-01T14:42:51+08:00 ] ::1 /thinkphp/index.php/Home/Goods/public/js/code.js
ERR: 非法操作:public

[ 2017-03-01T14:42:52+08:00 ] ::1 /thinkphp/index.php/Home/Goods/public/js/login.js
ERR: 非法操作:public

[ 2017-03-01T14:42:53+08:00 ] ::1 /thinkphp/index.php/Home/Goods/public/yzm1/yzms.php
ERR: 非法操作:public

[ 2017-03-01T14:42:55+08:00 ] ::1 /thinkphp/index.php/Home/Goods/public/js/skin.js
ERR: 非法操作:public

[ 2017-03-01T14:42:55+08:00 ] ::1 /thinkphp/index.php/Home/Goods/public/yzm1/yzms.php
ERR: 非法操作:public

[ 2017-03-01T14:42:57+08:00 ] ::1 /thinkphp/index.php/Home/Goods/public/yzm1/yzms.php?p=0.9177177440224347
ERR: 非法操作:public

[ 2017-03-01T14:42:58+08:00 ] ::1 /thinkphp/index.php/Home/Goods/public/yzm1/yzms.php?p=0.597553932836488
ERR: 非法操作:public

[ 2017-03-01T14:42:59+08:00 ] ::1 /thinkphp/index.php/Home/Goods/public/yzm1/yzms.php?p=0.7117373538328424
ERR: 非法操作:public

[ 2017-03-01T14:42:59+08:00 ] ::1 /thinkphp/index.php/Home/Goods/public/yzm1/yzms.php?p=0.1997227602575582
ERR: 非法操作:public

[ 2017-03-01T14:43:43+08:00 ] ::1 /thinkphp/index.php/Home/Goods/public/js/code.js
ERR: 非法操作:public

[ 2017-03-01T14:43:43+08:00 ] ::1 /thinkphp/index.php/Home/Goods/public/js/login.js
ERR: 非法操作:public

[ 2017-03-01T14:43:43+08:00 ] ::1 /thinkphp/index.php/Home/Goods/public/yzm1/yzms.php
ERR: 非法操作:public

[ 2017-03-01T14:43:44+08:00 ] ::1 /thinkphp/index.php/Home/Goods/public/js/skin.js
ERR: 非法操作:public

[ 2017-03-01T14:43:44+08:00 ] ::1 /thinkphp/index.php/Home/Goods/public/yzm1/yzms.php
ERR: 非法操作:public

[ 2017-03-01T14:43:53+08:00 ] ::1 /thinkphp/index.php/Home/Goods/public/js/login.js
ERR: 非法操作:public

[ 2017-03-01T14:43:53+08:00 ] ::1 /thinkphp/index.php/Home/Goods/public/js/code.js
ERR: 非法操作:public

[ 2017-03-01T14:43:53+08:00 ] ::1 /thinkphp/index.php/Home/Goods/public/js/login.js
ERR: 非法操作:public

[ 2017-03-01T14:43:54+08:00 ] ::1 /thinkphp/index.php/Home/Goods/public/js/skin.js
ERR: 非法操作:public

[ 2017-03-01T14:44:05+08:00 ] ::1 /thinkphp/index.php/Home/Goods/public/js/login.js
ERR: 非法操作:public

[ 2017-03-01T14:44:05+08:00 ] ::1 /thinkphp/index.php/Home/Goods/public/js/code.js
ERR: 非法操作:public

[ 2017-03-01T14:44:05+08:00 ] ::1 /thinkphp/index.php/Home/Goods/public/js/login.js
ERR: 非法操作:public

[ 2017-03-01T14:44:06+08:00 ] ::1 /thinkphp/index.php/Home/Goods/public/js/skin.js
ERR: 非法操作:public

[ 2017-03-01T14:44:10+08:00 ] ::1 /thinkphp/index.php/Home/Goods/public/yzm1/yzms.php?p=0.895039814987338
ERR: 非法操作:public

[ 2017-03-01T14:45:09+08:00 ] ::1 /thinkphp/index.php/Home/Goods/public/js/code.js
ERR: 非法操作:public

[ 2017-03-01T14:45:09+08:00 ] ::1 /thinkphp/index.php/Home/Goods/public/js/login.js
ERR: 非法操作:public

[ 2017-03-01T14:45:10+08:00 ] ::1 /thinkphp/index.php/Home/Goods/public/js/skin.js
ERR: 非法操作:public

[ 2017-03-01T14:45:11+08:00 ] ::1 /thinkphp/index.php/Home/Goods/indexs.php?p=0.8061519860980071
ERR: 非法操作:indexs.php

[ 2017-03-01T14:45:12+08:00 ] ::1 /thinkphp/index.php/Home/Goods/indexs.php?p=0.9352359872875924
ERR: 非法操作:indexs.php

[ 2017-03-01T14:45:26+08:00 ] ::1 /thinkphp/index.php/Home/Goods/public/js/code.js
ERR: 非法操作:public

[ 2017-03-01T14:45:26+08:00 ] ::1 /thinkphp/index.php/Home/Goods/public/js/skin.js
ERR: 非法操作:public

[ 2017-03-01T14:45:27+08:00 ] ::1 /thinkphp/index.php/Home/Goods/public/js/login.js
ERR: 非法操作:public

[ 2017-03-01T14:45:28+08:00 ] ::1 /thinkphp/index.php/Home/Goods/public/js/skin.js
ERR: 非法操作:public

[ 2017-03-01T14:46:20+08:00 ] ::1 /thinkphp/index.php/Home/Goods/public/js/skin.js
ERR: 非法操作:public

[ 2017-03-01T14:46:20+08:00 ] ::1 /thinkphp/index.php/Home/Goods/public/js/code.js
ERR: 非法操作:public

[ 2017-03-01T14:46:21+08:00 ] ::1 /thinkphp/index.php/Home/Goods/public/js/login.js
ERR: 非法操作:public

[ 2017-03-01T14:46:21+08:00 ] ::1 /thinkphp/index.php/Home/Goods/public/js/skin.js
ERR: 非法操作:public

[ 2017-03-01T15:04:53+08:00 ] ::1 /thinkphp/index.php/Home/Goods/public/js/code.js
ERR: 非法操作:public

[ 2017-03-01T15:04:54+08:00 ] ::1 /thinkphp/index.php/Home/Goods/public/js/skin.js
ERR: 非法操作:public

[ 2017-03-01T15:04:56+08:00 ] ::1 /thinkphp/index.php/Home/Goods/public/js/login.js
ERR: 非法操作:public

[ 2017-03-01T15:04:56+08:00 ] ::1 /thinkphp/index.php/Home/Goods/public/js/skin.js
ERR: 非法操作:public

[ 2017-03-01T15:05:00+08:00 ] ::1 /thinkphp/index.php/Home/Goods/public/js/login.js
ERR: 非法操作:public

[ 2017-03-01T15:05:00+08:00 ] ::1 /thinkphp/index.php/Home/Goods/public/js/skin.js
ERR: 非法操作:public

[ 2017-03-01T15:05:00+08:00 ] ::1 /thinkphp/index.php/Home/Goods/public/js/code.js
ERR: 非法操作:public

[ 2017-03-01T15:05:00+08:00 ] ::1 /thinkphp/index.php/Home/Goods/public/js/login.js
ERR: 非法操作:public

[ 2017-03-01T15:05:00+08:00 ] ::1 /thinkphp/index.php/Home/Goods/public/js/skin.js
ERR: 非法操作:public

[ 2017-03-01T15:07:15+08:00 ] ::1 /thinkphp/index.php/Home/Goods/public/js/code.js
ERR: 非法操作:public

[ 2017-03-01T15:07:15+08:00 ] ::1 /thinkphp/index.php/Home/Goods/public/js/skin.js
ERR: 非法操作:public

[ 2017-03-01T15:07:15+08:00 ] ::1 /thinkphp/index.php/Home/Goods/public/js/login.js
ERR: 非法操作:public

[ 2017-03-01T15:07:15+08:00 ] ::1 /thinkphp/index.php/Home/Goods/public/js/skin.js
ERR: 非法操作:public

[ 2017-03-01T15:07:19+08:00 ] ::1 /thinkphp/index.php/Home/Goods/public/js/skin.js
ERR: 非法操作:public

[ 2017-03-01T15:07:19+08:00 ] ::1 /thinkphp/index.php/Home/Goods/public/js/code.js
ERR: 非法操作:public

[ 2017-03-01T15:07:19+08:00 ] ::1 /thinkphp/index.php/Home/Goods/public/js/login.js
ERR: 非法操作:public

[ 2017-03-01T15:07:19+08:00 ] ::1 /thinkphp/index.php/Home/Goods/public/js/skin.js
ERR: 非法操作:public

[ 2017-03-01T15:07:26+08:00 ] ::1 /thinkphp/index.php/Home/Goods/public/js/login.js
ERR: 非法操作:public

[ 2017-03-01T15:07:26+08:00 ] ::1 /thinkphp/index.php/Home/Goods/public/js/skin.js
ERR: 非法操作:public

[ 2017-03-01T15:07:26+08:00 ] ::1 /thinkphp/index.php/Home/Goods/public/js/code.js
ERR: 非法操作:public

[ 2017-03-01T15:07:27+08:00 ] ::1 /thinkphp/index.php/Home/Goods/public/js/login.js
ERR: 非法操作:public

[ 2017-03-01T15:07:27+08:00 ] ::1 /thinkphp/index.php/Home/Goods/public/js/skin.js
ERR: 非法操作:public

[ 2017-03-01T15:07:27+08:00 ] ::1 /thinkphp/index.php/Home/Goods/public/js/login.js
ERR: 非法操作:public

[ 2017-03-01T15:07:27+08:00 ] ::1 /thinkphp/index.php/Home/Goods/public/js/code.js
ERR: 非法操作:public

[ 2017-03-01T15:07:27+08:00 ] ::1 /thinkphp/index.php/Home/Goods/public/js/skin.js
ERR: 非法操作:public

[ 2017-03-01T15:07:27+08:00 ] ::1 /thinkphp/index.php/Home/Goods/public/js/login.js
ERR: 非法操作:public

[ 2017-03-01T15:07:27+08:00 ] ::1 /thinkphp/index.php/Home/Goods/public/js/skin.js
ERR: 非法操作:public

[ 2017-03-01T15:07:28+08:00 ] ::1 /thinkphp/index.php/Home/Goods/public/js/login.js
ERR: 非法操作:public

[ 2017-03-01T15:07:28+08:00 ] ::1 /thinkphp/index.php/Home/Goods/public/js/code.js
ERR: 非法操作:public

[ 2017-03-01T15:07:28+08:00 ] ::1 /thinkphp/index.php/Home/Goods/public/js/skin.js
ERR: 非法操作:public

[ 2017-03-01T15:07:28+08:00 ] ::1 /thinkphp/index.php/Home/Goods/public/js/login.js
ERR: 非法操作:public

[ 2017-03-01T15:07:28+08:00 ] ::1 /thinkphp/index.php/Home/Goods/public/js/skin.js
ERR: 非法操作:public

[ 2017-03-01T15:07:34+08:00 ] ::1 /thinkphp/index.php/Home/Goods/public/js/login.js
ERR: 非法操作:public

[ 2017-03-01T15:07:34+08:00 ] ::1 /thinkphp/index.php/Home/Goods/public/js/skin.js
ERR: 非法操作:public

[ 2017-03-01T15:07:34+08:00 ] ::1 /thinkphp/index.php/Home/Goods/public/js/code.js
ERR: 非法操作:public

[ 2017-03-01T15:07:34+08:00 ] ::1 /thinkphp/index.php/Home/Goods/public/js/login.js
ERR: 非法操作:public

[ 2017-03-01T15:07:34+08:00 ] ::1 /thinkphp/index.php/Home/Goods/public/js/skin.js
ERR: 非法操作:public

[ 2017-03-01T15:07:44+08:00 ] ::1 /thinkphp/index.php/Home/Goods/public/js/code.js
ERR: 非法操作:public

[ 2017-03-01T15:07:44+08:00 ] ::1 /thinkphp/index.php/Home/Goods/public/js/skin.js
ERR: 非法操作:public

[ 2017-03-01T15:07:44+08:00 ] ::1 /thinkphp/index.php/Home/Goods/public/js/login.js
ERR: 非法操作:public

[ 2017-03-01T15:07:44+08:00 ] ::1 /thinkphp/index.php/Home/Goods/public/js/skin.js
ERR: 非法操作:public

[ 2017-03-01T15:07:50+08:00 ] ::1 /thinkphp/index.php/Home/Goods/public/js/code.js
ERR: 非法操作:public

[ 2017-03-01T15:07:50+08:00 ] ::1 /thinkphp/index.php/Home/Goods/public/js/login.js
ERR: 非法操作:public

[ 2017-03-01T15:07:50+08:00 ] ::1 /thinkphp/index.php/Home/Goods/public/js/skin.js
ERR: 非法操作:public

[ 2017-03-01T15:08:00+08:00 ] ::1 /thinkphp/index.php/Home/Goods/public/js/skin.js
ERR: 非法操作:public

[ 2017-03-01T15:08:00+08:00 ] ::1 /thinkphp/index.php/Home/Goods/public/js/login.js
ERR: 非法操作:public

[ 2017-03-01T15:08:00+08:00 ] ::1 /thinkphp/index.php/Home/Goods/public/js/code.js
ERR: 非法操作:public

[ 2017-03-01T15:08:00+08:00 ] ::1 /thinkphp/index.php/Home/Goods/public/js/login.js
ERR: 非法操作:public

[ 2017-03-01T15:08:00+08:00 ] ::1 /thinkphp/index.php/Home/Goods/public/js/skin.js
ERR: 非法操作:public

[ 2017-03-01T15:08:00+08:00 ] ::1 /thinkphp/index.php/Home/Goods/public/js/login.js
ERR: 非法操作:public

[ 2017-03-01T15:08:00+08:00 ] ::1 /thinkphp/index.php/Home/Goods/public/js/skin.js
ERR: 非法操作:public

[ 2017-03-01T15:08:00+08:00 ] ::1 /thinkphp/index.php/Home/Goods/public/js/code.js
ERR: 非法操作:public

[ 2017-03-01T15:08:00+08:00 ] ::1 /thinkphp/index.php/Home/Goods/public/js/login.js
ERR: 非法操作:public

[ 2017-03-01T15:08:00+08:00 ] ::1 /thinkphp/index.php/Home/Goods/public/js/skin.js
ERR: 非法操作:public

[ 2017-03-01T15:08:07+08:00 ] ::1 /thinkphp/index.php/Home/Goods/public/js/login.js
ERR: 非法操作:public

[ 2017-03-01T15:08:07+08:00 ] ::1 /thinkphp/index.php/Home/Goods/public/js/skin.js
ERR: 非法操作:public

[ 2017-03-01T15:08:08+08:00 ] ::1 /thinkphp/index.php/Home/Goods/public/js/code.js
ERR: 非法操作:public

[ 2017-03-01T15:08:08+08:00 ] ::1 /thinkphp/index.php/Home/Goods/public/js/login.js
ERR: 非法操作:public

[ 2017-03-01T15:08:08+08:00 ] ::1 /thinkphp/index.php/Home/Goods/public/js/skin.js
ERR: 非法操作:public

[ 2017-03-01T15:08:08+08:00 ] ::1 /thinkphp/index.php/Home/Goods/public/js/login.js
ERR: 非法操作:public

[ 2017-03-01T15:08:08+08:00 ] ::1 /thinkphp/index.php/Home/Goods/public/js/skin.js
ERR: 非法操作:public

[ 2017-03-01T15:08:08+08:00 ] ::1 /thinkphp/index.php/Home/Goods/public/js/code.js
ERR: 非法操作:public

[ 2017-03-01T15:08:08+08:00 ] ::1 /thinkphp/index.php/Home/Goods/public/js/login.js
ERR: 非法操作:public

[ 2017-03-01T15:08:08+08:00 ] ::1 /thinkphp/index.php/Home/Goods/public/js/skin.js
ERR: 非法操作:public

[ 2017-03-01T15:08:08+08:00 ] ::1 /thinkphp/index.php/Home/Goods/public/js/login.js
ERR: 非法操作:public

[ 2017-03-01T15:08:08+08:00 ] ::1 /thinkphp/index.php/Home/Goods/public/js/skin.js
ERR: 非法操作:public

[ 2017-03-01T15:08:08+08:00 ] ::1 /thinkphp/index.php/Home/Goods/public/js/code.js
ERR: 非法操作:public

[ 2017-03-01T15:08:08+08:00 ] ::1 /thinkphp/index.php/Home/Goods/public/js/login.js
ERR: 非法操作:public

[ 2017-03-01T15:08:08+08:00 ] ::1 /thinkphp/index.php/Home/Goods/public/js/skin.js
ERR: 非法操作:public

[ 2017-03-01T15:08:09+08:00 ] ::1 /thinkphp/index.php/Home/Goods/public/js/login.js
ERR: 非法操作:public

[ 2017-03-01T15:08:09+08:00 ] ::1 /thinkphp/index.php/Home/Goods/public/js/code.js
ERR: 非法操作:public

[ 2017-03-01T15:08:09+08:00 ] ::1 /thinkphp/index.php/Home/Goods/public/js/skin.js
ERR: 非法操作:public

[ 2017-03-01T15:08:09+08:00 ] ::1 /thinkphp/index.php/Home/Goods/public/js/login.js
ERR: 非法操作:public

[ 2017-03-01T15:08:09+08:00 ] ::1 /thinkphp/index.php/Home/Goods/public/js/skin.js
ERR: 非法操作:public

[ 2017-03-01T15:12:20+08:00 ] ::1 /thinkphp/index.php/Home/Goods/public/js/code.js
ERR: 非法操作:public

[ 2017-03-01T15:12:21+08:00 ] ::1 /thinkphp/index.php/Home/Goods/public/js/login.js
ERR: 非法操作:public

[ 2017-03-01T15:12:23+08:00 ] ::1 /thinkphp/index.php/Home/Goods/public/js/skin.js
ERR: 非法操作:public

[ 2017-03-01T15:12:45+08:00 ] ::1 /thinkphp/index.php/Home/Goods/public/js/login.js
ERR: 非法操作:public

[ 2017-03-01T15:12:45+08:00 ] ::1 /thinkphp/index.php/Home/Goods/public/js/skin.js
ERR: 非法操作:public

[ 2017-03-01T15:12:45+08:00 ] ::1 /thinkphp/index.php/Home/Goods/public/js/code.js
ERR: 非法操作:public

[ 2017-03-01T15:12:45+08:00 ] ::1 /thinkphp/index.php/Home/Goods/public/js/login.js
ERR: 非法操作:public

[ 2017-03-01T15:12:45+08:00 ] ::1 /thinkphp/index.php/Home/Goods/public/js/skin.js
ERR: 非法操作:public

[ 2017-03-01T15:12:46+08:00 ] ::1 /thinkphp/index.php/Home/Goods/public/js/login.js
ERR: 非法操作:public

[ 2017-03-01T15:12:46+08:00 ] ::1 /thinkphp/index.php/Home/Goods/public/js/skin.js
ERR: 非法操作:public

[ 2017-03-01T15:12:47+08:00 ] ::1 /thinkphp/index.php/Home/Goods/public/js/code.js
ERR: 非法操作:public

[ 2017-03-01T15:12:47+08:00 ] ::1 /thinkphp/index.php/Home/Goods/public/js/login.js
ERR: 非法操作:public

[ 2017-03-01T15:12:47+08:00 ] ::1 /thinkphp/index.php/Home/Goods/public/js/skin.js
ERR: 非法操作:public

[ 2017-03-01T15:13:06+08:00 ] ::1 /thinkphp/index.php/Home/Goods/public/js/blog.js
ERR: 非法操作:public

[ 2017-03-01T15:13:20+08:00 ] ::1 /thinkphp/index.php/Home/Goods/public/js/blog.js
ERR: 非法操作:public

[ 2017-03-01T15:13:21+08:00 ] ::1 /thinkphp/index.php/Home/Goods/public/js/blog.js
ERR: 非法操作:public

[ 2017-03-01T15:13:25+08:00 ] ::1 /thinkphp/index.php/Home/Goods/public/js/login.js
ERR: 非法操作:public

[ 2017-03-01T15:13:25+08:00 ] ::1 /thinkphp/index.php/Home/Goods/public/js/code.js
ERR: 非法操作:public

[ 2017-03-01T15:13:25+08:00 ] ::1 /thinkphp/index.php/Home/Goods/public/js/login.js
ERR: 非法操作:public

[ 2017-03-01T15:13:26+08:00 ] ::1 /thinkphp/index.php/Home/Goods/public/js/skin.js
ERR: 非法操作:public

[ 2017-03-01T16:06:42+08:00 ] ::1 /thinkphp/index.php/Home/Goods/public/js/skin.js
ERR: 非法操作:public

[ 2017-03-01T16:06:43+08:00 ] ::1 /thinkphp/index.php/Home/Goods/public/js/login.js
ERR: 非法操作:public

[ 2017-03-01T16:06:45+08:00 ] ::1 /thinkphp/index.php/Home/Goods/public/js/code.js
ERR: 非法操作:public

[ 2017-03-01T16:06:45+08:00 ] ::1 /thinkphp/index.php/Home/Goods/public/js/login.js
ERR: 非法操作:public

[ 2017-03-01T16:06:45+08:00 ] ::1 /thinkphp/index.php/Home/Goods/public/js/skin.js
ERR: 非法操作:public

[ 2017-03-01T16:06:56+08:00 ] ::1 /thinkphp/index.php/Home/Goods/public/js/login.js
ERR: 非法操作:public

[ 2017-03-01T16:06:56+08:00 ] ::1 /thinkphp/index.php/Home/Goods/public/js/skin.js
ERR: 非法操作:public

[ 2017-03-01T16:06:56+08:00 ] ::1 /thinkphp/index.php/Home/Goods/public/js/code.js
ERR: 非法操作:public

[ 2017-03-01T16:06:56+08:00 ] ::1 /thinkphp/index.php/Home/Goods/public/js/login.js
ERR: 非法操作:public

[ 2017-03-01T16:06:56+08:00 ] ::1 /thinkphp/index.php/Home/Goods/public/js/skin.js
ERR: 非法操作:public

[ 2017-03-01T16:12:33+08:00 ] ::1 /thinkphp/index.php/Home/Goods/public/js/login.js
ERR: 非法操作:public

[ 2017-03-01T16:12:33+08:00 ] ::1 /thinkphp/index.php/Home/Goods/public/js/skin.js
ERR: 非法操作:public

[ 2017-03-01T16:12:33+08:00 ] ::1 /thinkphp/index.php/Home/Goods/public/js/code.js
ERR: 非法操作:public

[ 2017-03-01T16:12:33+08:00 ] ::1 /thinkphp/index.php/Home/Goods/public/js/login.js
ERR: 非法操作:public

[ 2017-03-01T16:12:33+08:00 ] ::1 /thinkphp/index.php/Home/Goods/public/js/skin.js
ERR: 非法操作:public

[ 2017-03-01T16:12:44+08:00 ] ::1 /thinkphp/index.php/Home/Goods/public/js/skin.js
ERR: 非法操作:public

[ 2017-03-01T16:12:44+08:00 ] ::1 /thinkphp/index.php/Home/Goods/public/js/code.js
ERR: 非法操作:public

[ 2017-03-01T16:12:44+08:00 ] ::1 /thinkphp/index.php/Home/Goods/public/js/login.js
ERR: 非法操作:public

[ 2017-03-01T16:12:44+08:00 ] ::1 /thinkphp/index.php/Home/Goods/public/js/skin.js
ERR: 非法操作:public

[ 2017-03-01T16:13:19+08:00 ] ::1 /thinkphp/index.php/Home/Goods/public/js/skin.js
ERR: 非法操作:public

[ 2017-03-01T16:13:19+08:00 ] ::1 /thinkphp/index.php/Home/Goods/public/js/code.js
ERR: 非法操作:public

[ 2017-03-01T16:13:19+08:00 ] ::1 /thinkphp/index.php/Home/Goods/public/js/login.js
ERR: 非法操作:public

[ 2017-03-01T16:13:19+08:00 ] ::1 /thinkphp/index.php/Home/Goods/public/js/skin.js
ERR: 非法操作:public

[ 2017-03-01T16:13:25+08:00 ] ::1 /thinkphp/index.php/Home/Goods/public/js/login.js
ERR: 非法操作:public

[ 2017-03-01T16:13:25+08:00 ] ::1 /thinkphp/index.php/Home/Goods/public/js/code.js
ERR: 非法操作:public

[ 2017-03-01T16:13:25+08:00 ] ::1 /thinkphp/index.php/Home/Goods/public/js/skin.js
ERR: 非法操作:public

[ 2017-03-01T16:13:25+08:00 ] ::1 /thinkphp/index.php/Home/Goods/public/js/login.js
ERR: 非法操作:public

[ 2017-03-01T16:13:25+08:00 ] ::1 /thinkphp/index.php/Home/Goods/public/js/skin.js
ERR: 非法操作:public

[ 2017-03-01T16:13:37+08:00 ] ::1 /thinkphp/index.php/Home/Goods/public/js/login.js
ERR: 非法操作:public

[ 2017-03-01T16:13:37+08:00 ] ::1 /thinkphp/index.php/Home/Goods/public/js/skin.js
ERR: 非法操作:public

[ 2017-03-01T16:13:37+08:00 ] ::1 /thinkphp/index.php/Home/Goods/public/js/code.js
ERR: 非法操作:public

[ 2017-03-01T16:13:37+08:00 ] ::1 /thinkphp/index.php/Home/Goods/public/js/login.js
ERR: 非法操作:public

[ 2017-03-01T16:13:37+08:00 ] ::1 /thinkphp/index.php/Home/Goods/public/js/skin.js
ERR: 非法操作:public

[ 2017-03-01T16:13:41+08:00 ] ::1 /thinkphp/index.php/Home/Goods/public/js/code.js
ERR: 非法操作:public

[ 2017-03-01T16:13:41+08:00 ] ::1 /thinkphp/index.php/Home/Goods/public/js/skin.js
ERR: 非法操作:public

[ 2017-03-01T16:13:41+08:00 ] ::1 /thinkphp/index.php/Home/Goods/public/js/login.js
ERR: 非法操作:public

[ 2017-03-01T16:13:41+08:00 ] ::1 /thinkphp/index.php/Home/Goods/public/js/skin.js
ERR: 非法操作:public

[ 2017-03-01T16:14:09+08:00 ] ::1 /thinkphp/index.php/Home/Goods/public/js/login.js
ERR: 非法操作:public

[ 2017-03-01T16:14:09+08:00 ] ::1 /thinkphp/index.php/Home/Goods/public/js/skin.js
ERR: 非法操作:public

[ 2017-03-01T16:14:09+08:00 ] ::1 /thinkphp/index.php/Home/Goods/public/js/code.js
ERR: 非法操作:public

[ 2017-03-01T16:14:09+08:00 ] ::1 /thinkphp/index.php/Home/Goods/public/js/login.js
ERR: 非法操作:public

[ 2017-03-01T16:14:09+08:00 ] ::1 /thinkphp/index.php/Home/Goods/public/js/skin.js
ERR: 非法操作:public

[ 2017-03-01T16:14:10+08:00 ] ::1 /thinkphp/index.php/Home/Goods/public/js/code.js
ERR: 非法操作:public

[ 2017-03-01T16:14:10+08:00 ] ::1 /thinkphp/index.php/Home/Goods/public/js/skin.js
ERR: 非法操作:public

[ 2017-03-01T16:14:10+08:00 ] ::1 /thinkphp/index.php/Home/Goods/public/js/login.js
ERR: 非法操作:public

[ 2017-03-01T16:14:10+08:00 ] ::1 /thinkphp/index.php/Home/Goods/public/js/skin.js
ERR: 非法操作:public

[ 2017-03-01T16:14:25+08:00 ] ::1 /thinkphp/index.php/Home/Goods/public/js/code.js
ERR: 非法操作:public

[ 2017-03-01T16:14:25+08:00 ] ::1 /thinkphp/index.php/Home/Goods/public/js/skin.js
ERR: 非法操作:public

[ 2017-03-01T16:14:25+08:00 ] ::1 /thinkphp/index.php/Home/Goods/public/js/login.js
ERR: 非法操作:public

[ 2017-03-01T16:14:25+08:00 ] ::1 /thinkphp/index.php/Home/Goods/public/js/skin.js
ERR: 非法操作:public

[ 2017-03-01T16:14:31+08:00 ] ::1 /thinkphp/index.php/Home/Goods/public/js/skin.js
ERR: 非法操作:public

[ 2017-03-01T16:14:31+08:00 ] ::1 /thinkphp/index.php/Home/Goods/public/js/login.js
ERR: 非法操作:public

[ 2017-03-01T16:14:31+08:00 ] ::1 /thinkphp/index.php/Home/Goods/public/js/code.js
ERR: 非法操作:public

[ 2017-03-01T16:14:31+08:00 ] ::1 /thinkphp/index.php/Home/Goods/public/js/login.js
ERR: 非法操作:public

[ 2017-03-01T16:14:32+08:00 ] ::1 /thinkphp/index.php/Home/Goods/public/js/skin.js
ERR: 非法操作:public

[ 2017-03-01T16:14:45+08:00 ] ::1 /thinkphp/index.php/Home/Goods/public/js/code.js
ERR: 非法操作:public

[ 2017-03-01T16:14:45+08:00 ] ::1 /thinkphp/index.php/Home/Goods/public/js/login.js
ERR: 非法操作:public

[ 2017-03-01T16:14:45+08:00 ] ::1 /thinkphp/index.php/Home/Goods/public/js/skin.js
ERR: 非法操作:public

[ 2017-03-01T16:23:49+08:00 ] ::1 /thinkphp/index.php/Home/Goods/public/js/code.js
ERR: 非法操作:public

[ 2017-03-01T16:23:50+08:00 ] ::1 /thinkphp/index.php/Home/Goods/public/js/login.js
ERR: 非法操作:public

[ 2017-03-01T16:23:52+08:00 ] ::1 /thinkphp/index.php/Home/Goods/public/js/skin.js
ERR: 非法操作:public

[ 2017-03-01T16:23:53+08:00 ] ::1 /thinkphp/index.php/Home/Goods/code.html?p=0.5435054548034555
ERR: 非法操作:code

[ 2017-03-01T16:23:59+08:00 ] ::1 /thinkphp/index.php/Home/Goods/public/js/code.js
ERR: 非法操作:public

[ 2017-03-01T16:23:59+08:00 ] ::1 /thinkphp/index.php/Home/Goods/public/js/skin.js
ERR: 非法操作:public

[ 2017-03-01T16:23:59+08:00 ] ::1 /thinkphp/index.php/Home/Goods/public/js/login.js
ERR: 非法操作:public

[ 2017-03-01T16:23:59+08:00 ] ::1 /thinkphp/index.php/Home/Goods/public/js/skin.js
ERR: 非法操作:public

[ 2017-03-01T16:24:00+08:00 ] ::1 /thinkphp/index.php/Home/Goods/public/js/code.js
ERR: 非法操作:public

[ 2017-03-01T16:24:00+08:00 ] ::1 /thinkphp/index.php/Home/Goods/public/js/login.js
ERR: 非法操作:public

[ 2017-03-01T16:24:01+08:00 ] ::1 /thinkphp/index.php/Home/Goods/public/js/skin.js
ERR: 非法操作:public

[ 2017-03-01T16:24:03+08:00 ] ::1 /thinkphp/index.php/Home/Goods/public/js/login.js
ERR: 非法操作:public

[ 2017-03-01T16:24:03+08:00 ] ::1 /thinkphp/index.php/Home/Goods/public/js/code.js
ERR: 非法操作:public

[ 2017-03-01T16:24:03+08:00 ] ::1 /thinkphp/index.php/Home/Goods/public/js/skin.js
ERR: 非法操作:public

[ 2017-03-01T16:24:03+08:00 ] ::1 /thinkphp/index.php/Home/Goods/public/js/login.js
ERR: 非法操作:public

[ 2017-03-01T16:24:04+08:00 ] ::1 /thinkphp/index.php/Home/Goods/public/js/skin.js
ERR: 非法操作:public

[ 2017-03-01T16:26:27+08:00 ] ::1 /thinkphp/index.php/Home/Goods/public/js/code.js
ERR: 非法操作:public

[ 2017-03-01T16:26:27+08:00 ] ::1 /thinkphp/index.php/Home/Goods/public/js/login.js
ERR: 非法操作:public

[ 2017-03-01T16:26:27+08:00 ] ::1 /thinkphp/index.php/Home/Goods/public/js/skin.js
ERR: 非法操作:public

[ 2017-03-01T16:26:30+08:00 ] ::1 /thinkphp/index.php/Home/Goods/public/js/code.js
ERR: 非法操作:public

[ 2017-03-01T16:26:30+08:00 ] ::1 /thinkphp/index.php/Home/Goods/public/js/login.js
ERR: 非法操作:public

[ 2017-03-01T16:26:30+08:00 ] ::1 /thinkphp/index.php/Home/Goods/public/js/skin.js
ERR: 非法操作:public

[ 2017-03-01T16:41:45+08:00 ] ::1 /thinkphp/index.php/Home/Goods/public/js/login.js
ERR: 非法操作:public

[ 2017-03-01T16:41:47+08:00 ] ::1 /thinkphp/index.php/Home/Goods/public/js/code.js
ERR: 非法操作:public

[ 2017-03-01T16:41:47+08:00 ] ::1 /thinkphp/index.php/Home/Goods/public/js/login.js
ERR: 非法操作:public

[ 2017-03-01T16:41:47+08:00 ] ::1 /thinkphp/index.php/Home/Goods/public/js/skin.js
ERR: 非法操作:public

[ 2017-03-01T16:42:39+08:00 ] ::1 /thinkphp/index.php/Home/Goods/code.html?p=0.7552344664749695
ERR: 非法操作:code

[ 2017-03-01T16:42:41+08:00 ] ::1 /thinkphp/index.php/Home/Goods/code.html?p=0.279331270925784
ERR: 非法操作:code

[ 2017-03-01T16:42:41+08:00 ] ::1 /thinkphp/index.php/Home/Goods/code.html?p=0.42244770029667156
ERR: 非法操作:code

[ 2017-03-01T16:42:41+08:00 ] ::1 /thinkphp/index.php/Home/Goods/code.html?p=0.7303932466058012
ERR: 非法操作:code

[ 2017-03-01T16:54:26+08:00 ] ::1 /thinkphp/index.php/Home/Goods/public/js/code.js
ERR: 非法操作:public

[ 2017-03-01T16:54:27+08:00 ] ::1 /thinkphp/index.php/Home/Goods/public/js/skin.js
ERR: 非法操作:public

[ 2017-03-01T16:54:29+08:00 ] ::1 /thinkphp/index.php/Home/Goods/public/js/login.js
ERR: 非法操作:public

[ 2017-03-01T16:54:29+08:00 ] ::1 /thinkphp/index.php/Home/Goods/public/js/skin.js
ERR: 非法操作:public

