[ 2017-02-28T10:04:03+08:00 ] ::1 /thinkphp/index.php/Home/Curd/reg
ERR: 1146:Table 'testguest.tg_curd' doesn't exist
 [ SQL语句 ] : SHOW COLUMNS FROM `tg_curd`

[ 2017-02-28T10:08:59+08:00 ] ::1 /thinkphp/index.php/Home/Curd/reg
ERR: 1146:Table 'testguest.tg_curd' doesn't exist
 [ SQL语句 ] : SHOW COLUMNS FROM `tg_curd`

[ 2017-02-28T10:09:11+08:00 ] ::1 /thinkphp/index.php/Home/Curd/reg
ERR: 1146:Table 'testguest.tg_curd' doesn't exist
 [ SQL语句 ] : SHOW COLUMNS FROM `tg_curd`

[ 2017-02-28T10:09:56+08:00 ] ::1 /thinkphp/index.php/Home/Curd/reg
ERR: 1146:Table 'testguest.tg_curd' doesn't exist
 [ SQL语句 ] : SHOW COLUMNS FROM `tg_curd`

[ 2017-02-28T10:10:00+08:00 ] ::1 /thinkphp/index.php/Home/Curd/reg
ERR: 1146:Table 'testguest.tg_curd' doesn't exist
 [ SQL语句 ] : SHOW COLUMNS FROM `tg_curd`

[ 2017-02-28T10:12:25+08:00 ] ::1 /thinkphp/index.php/Home/Curd/reg
ERR: 1146:Table 'testguest.tg_curd' doesn't exist
 [ SQL语句 ] : SHOW COLUMNS FROM `tg_curd`

[ 2017-02-28T10:20:06+08:00 ] ::1 /thinkphp/index.php/Home/Curd/reg
ERR: 1054:Unknown column 'tg_username，tg_qq' in 'field list'
 [ SQL语句 ] : SELECT `tg_id`,`tg_username，tg_qq` FROM `tg_user` 

[ 2017-02-28T10:20:27+08:00 ] ::1 /thinkphp/index.php/Home/Curd/reg
ERR: 1054:Unknown column 'tg_username，tg_qq' in 'field list'
 [ SQL语句 ] : SELECT `tg_id`,`tg_username，tg_qq` FROM `tg_user` 

[ 2017-02-28T15:31:34+08:00 ] ::1 /thinkphp/index.php/Home/Curd/text
ERR: Think\Model:checklength方法不存在！

[ 2017-02-28T15:31:36+08:00 ] ::1 /thinkphp/index.php/Home/Curd/text
ERR: Think\Model:checklength方法不存在！

[ 2017-02-28T15:31:37+08:00 ] ::1 /thinkphp/index.php/Home/Curd/text
ERR: Think\Model:checklength方法不存在！

[ 2017-02-28T15:31:38+08:00 ] ::1 /thinkphp/index.php/Home/Curd/text
ERR: Think\Model:checklength方法不存在！

[ 2017-02-28T16:03:58+08:00 ] ::1 /thinkphp/index.php/Home/Yonghu/index
ERR: 非法操作:index

[ 2017-02-28T16:22:02+08:00 ] ::1 /thinkphp/index.php/Home/Yonghu/login
ERR: 1065:Query was empty

[ 2017-02-28T16:22:26+08:00 ] ::1 /thinkphp/index.php/Home/Yonghu/login
ERR: 1065:Query was empty

[ 2017-02-28T16:46:27+08:00 ] ::1 /thinkphp/index.php/Home/Curd/tests
ERR: 模板不存在:./Application/Home/View/Curd/tests.html

